Case #1: 1352 175 885
Case #2: 1851 260 1442
Case #3: 1565 802 1288
Case #4: 1503 323 863
Case #5: 1326 75 193
Case #6: 1823 1054 266
Case #7: 1659 1355 565
Case #8: 1386 1319 313
Case #9: 1185 904 189
Case #10: 1124 387 1109
Case #11: 1646 138 1012
Case #12: 1338 267 1326
Case #13: 1110 1072 149
Case #14: 1726 314 881
Case #15: 1088 108 263
Case #16: 1616 680 1387
Case #17: 1869 652 1860
Case #18: 1475 909 132
Case #19: 873 824 93
Case #20: 1612 1147 576
Case #21: 1616 677 1532
Case #22: 1374 887 1309
Case #23: 1379 1330 396
Case #24: 1248 490 890
Case #25: 1435 957 376
Case #26: 1881 1277 231
Case #27: 1604 1071 10
Case #28: 1485 1179 700
Case #29: 947 142 473
Case #30: 1369 1360 1053
Case #31: 868 166 33
Case #32: 1870 1074 91
Case #33: 1015 84 237
Case #34: 1542 335 1309
Case #35: 1697 945 199
Case #36: 876 838 63
Case #37: 1563 1331 367
Case #38: 1237 755 893
Case #39: 942 904 130
Case #40: 1675 1571 869
Case #41: 1409 361 1177
Case #42: 1348 221 1283
Case #43: 1733 707 1563
Case #44: 1649 1412 565
Case #45: 1695 840 1335
Case #46: 1512 1166 772
Case #47: 1001 965 611
Case #48: 1144 326 781
Case #49: 625 228 428
Case #50: 1505 1377 406
Case #51: 920 179 740
Case #52: 1675 769 314
Case #53: 1272 761 168
Case #54: 1026 475 754
Case #55: 1074 619 38
Case #56: 1263 1076 328
Case #57: 1602 926 1268
Case #58: 1517 1035 275
Case #59: 1001 710 504
Case #60: 1481 53 476
Case #61: 1730 43 798
Case #62: 1782 288 1023
Case #63: 946 381 72
Case #64: 620 377 83
Case #65: 1576 909 62
Case #66: 1645 553 1356
Case #67: 1335 955 1318
Case #68: 1364 1346 899
Case #69: 1355 769 467
Case #70: 1588 789 1450
Case #71: 1082 943 535
Case #72: 780 119 741
Case #73: 1569 102 591
Case #74: 1549 1244 463
Case #75: 1693 1636 379
Case #76: 575 349 117
Case #77: 1244 459 280
Case #78: 1525 455 1523
Case #79: 1141 221 665
Case #80: 1009 1006 299
Case #81: 1703 449 1552
Case #82: 1649 906 486
Case #83: 1274 36 1226
Case #84: 1373 1347 674
Case #85: 1378 1080 918
Case #86: 1243 1176 841
Case #87: 1359 372 930
Case #88: 1734 1196 186
Case #89: 1700 1074 556
Case #90: 1613 1014 112
Case #91: 1550 1285 457
Case #92: 1369 925 261
Case #93: 1111 1076 608
Case #94: 1109 1088 405
Case #95: 941 222 15
Case #96: 1280 494 4
Case #97: 1311 1137 463
Case #98: 1498 1176 397
Case #99: 1517 1449 664
Case #100: 1088 1061 471
Case #101: 1352 826 477
Case #102: 1719 734 1644
Case #103: 1453 375 1223
Case #104: 971 570 906
Case #105: 1741 169 1161
Case #106: 1473 328 1254
Case #107: 1168 354 29
Case #108: 1384 212 62
Case #109: 1371 1355 664
Case #110: 1558 1553 861
Case #111: 1576 290 1115
Case #112: 1298 154 376
Case #113: 1570 1272 78
Case #114: 787 6 448
Case #115: 1536 177 1155
Case #116: 1397 1369 100
Case #117: 1401 562 361
Case #118: 1517 1087 1486
Case #119: 1832 789 1543
Case #120: 1462 1009 379
Case #121: 1604 679 182
Case #122: 981 778 254
Case #123: 1279 434 122
Case #124: 1552 195 1203
Case #125: 905 891 436
Case #126: 1398 539 1145
Case #127: 1818 53 1188
Case #128: 1057 371 549
Case #129: 1420 355 1130
Case #130: 1408 40 426
Case #131: 1826 926 188
Case #132: 1643 1066 668
Case #133: 1442 816 370
Case #134: 1343 1181 1204
Case #135: 1745 521 1489
Case #136: 1019 916 284
Case #137: 1769 351 1106
Case #138: 1423 81 1339
Case #139: 1278 1191 1089
Case #140: 1701 1606 1102
Case #141: 1626 950 1540
Case #142: 1525 235 1016
Case #143: 1335 516 997
Case #144: 1416 705 1103
Case #145: 1222 711 258
Case #146: 1904 713 1618
Case #147: 1401 1343 283
Case #148: 1212 325 1056
Case #149: 1326 442 588
Case #150: 1695 1509 535
Case #151: 1610 48 1188
Case #152: 722 149 451
Case #153: 1536 349 947
Case #154: 1090 278 78
Case #155: 851 24 624
Case #156: 1519 850 1380
Case #157: 986 842 415
Case #158: 1223 336 820
Case #159: 1386 66 1229
Case #160: 1594 1553 781
Case #161: 938 101 750
Case #162: 1053 742 211
Case #163: 892 38 226
Case #164: 1372 496 895
Case #165: 1539 85 1216
Case #166: 1435 1191 554
Case #167: 1479 761 1473
Case #168: 1833 1315 216
Case #169: 1770 1738 736
Case #170: 1798 414 1563
Case #171: 1364 492 587
Case #172: 1341 370 937
Case #173: 1163 368 95
Case #174: 1544 1069 286
Case #175: 1349 281 792
Case #176: 1492 359 1333
Case #177: 1697 1230 355
Case #178: 1647 12 1099
Case #179: 1152 841 937
Case #180: 1282 1234 1026
Case #181: 1389 536 1050
Case #182: 1202 141 429
Case #183: 914 611 849
Case #184: 1467 620 87
Case #185: 1772 1751 949
Case #186: 1872 359 1512
Case #187: 1773 1517 781
Case #188: 1128 740 366
Case #189: 1516 1274 851
Case #190: 1215 713 1175
Case #191: 1112 428 44
Case #192: 1271 1127 878
Case #193: 1747 1279 507
Case #194: 1350 342 689
Case #195: 1447 654 132
Case #196: 1163 829 401
Case #197: 1746 700 1559
Case #198: 1415 621 1166
Case #199: 1679 139 871
Case #200: 1608 118 910
Case #201: 1453 709 1321
Case #202: 1516 1455 780
Case #203: 1600 554 1318
Case #204: 1534 1469 483
Case #205: 1092 704 995
Case #206: 1265 655 1207
Case #207: 1801 1105 1774
Case #208: 1494 348 1475
Case #209: 1806 1321 662
Case #210: 590 496 164
Case #211: 1362 336 953
Case #212: 1910 915 59
Case #213: 1473 1240 388
Case #214: 1060 41 235
Case #215: 917 852 284
Case #216: 1422 994 563
Case #217: 1881 1566 667
Case #218: 1495 764 1348
Case #219: 1640 1499 1178
Case #220: 1202 682 1089
Case #221: 1718 348 1299
Case #222: 795 637 294
Case #223: 1702 884 127
Case #224: 1354 1291 542
Case #225: 1568 1199 232
Case #226: 1557 399 22
Case #227: 1457 167 783
Case #228: 1330 304 437
Case #229: 900 348 634
Case #230: 1458 460 1227
Case #231: 1562 1004 597
Case #232: 1809 1223 449
Case #233: 1028 688 840
Case #234: 1605 266 1057
Case #235: 1185 361 855
Case #236: 1199 20 196
Case #237: 929 134 169
Case #238: 1445 704 1369
Case #239: 1459 590 1025
Case #240: 1305 1133 710
Case #241: 1287 551 1062
Case #242: 1129 509 68
Case #243: 1522 1388 750
Case #244: 727 515 175
Case #245: 1116 377 817
Case #246: 1412 681 64
Case #247: 1665 110 666
Case #248: 1033 949 481
Case #249: 1647 1025 198
Case #250: 1161 679 1112
Case #251: 1849 266 1417
Case #252: 627 453 164
Case #253: 1620 1333 624
Case #254: 1487 1246 47
Case #255: 1558 1452 1108
Case #256: 811 75 773
Case #257: 1669 253 874
Case #258: 1478 244 1173
Case #259: 1167 627 1100
Case #260: 1085 12 825
Case #261: 1520 1217 403
Case #262: 1235 565 1196
Case #263: 1403 1397 280
Case #264: 1661 859 308
Case #265: 1439 1317 867
Case #266: 1062 757 577
Case #267: 1520 1181 381
Case #268: 1311 71 273
Case #269: 1289 302 923
Case #270: 1403 419 1160
Case #271: 1526 211 783
Case #272: 837 42 714
Case #273: 1954 452 1259
Case #274: 1278 1164 822
Case #275: 1600 1131 626
Case #276: 1274 277 1036
Case #277: 1683 713 1453
Case #278: 1278 305 1236
Case #279: 1563 1071 751
Case #280: 1480 495 1342
Case #281: 1654 900 344
Case #282: 843 504 798
Case #283: 1530 182 775
Case #284: 1659 1372 376
Case #285: 1606 1338 694
Case #286: 1103 723 1032
Case #287: 1458 454 1117
Case #288: 947 396 185
Case #289: 1494 73 710
Case #290: 1244 1140 483
Case #291: 822 249 386
Case #292: 1187 244 740
Case #293: 1835 1474 561
Case #294: 1578 383 1022
Case #295: 1270 1155 196
Case #296: 924 270 873
Case #297: 1643 1439 393
Case #298: 1695 1241 559
Case #299: 1482 755 1323
Case #300: 1140 788 976
Case #301: 1255 794 763
Case #302: 1379 883 444
Case #303: 832 124 682
Case #304: 1768 433 1271
Case #305: 1691 1592 1004
Case #306: 1744 1230 532
Case #307: 1315 1078 175
Case #308: 1257 602 8
Case #309: 1634 95 1333
Case #310: 1518 245 1056
Case #311: 1075 452 732
Case #312: 1646 400 1075
Case #313: 1122 347 893
Case #314: 1605 407 1569
Case #315: 938 169 652
Case #316: 1744 487 1073
Case #317: 1055 656 428
Case #318: 1621 1539 298
Case #319: 1465 1161 866
Case #320: 811 792 694
Case #321: 1227 145 561
Case #322: 1548 294 1449
Case #323: 1806 569 1674
Case #324: 524 456 247
Case #325: 1261 1109 459
Case #326: 1298 559 155
Case #327: 985 285 765
Case #328: 1365 39 1194
Case #329: 1416 43 867
Case #330: 1738 779 1613
Case #331: 1836 996 243
Case #332: 1790 1391 761
Case #333: 1912 1180 416
Case #334: 1429 723 179
Case #335: 1243 774 1175
Case #336: 1627 830 1513
Case #337: 1284 385 1274
Case #338: 1185 1063 234
Case #339: 834 259 699
Case #340: 1617 1406 203
Case #341: 1373 1027 129
Case #342: 1607 466 1023
Case #343: 664 552 172
Case #344: 1344 402 468
Case #345: 1581 928 418
Case #346: 1349 834 93
Case #347: 1456 1068 1320
Case #348: 1337 803 768
Case #349: 1459 457 1027
Case #350: 1611 3 1205
Case #351: 1548 192 536
Case #352: 1492 1021 515
Case #353: 1164 21 424
Case #354: 1839 126 1244
Case #355: 1707 485 1196
Case #356: 1434 614 148
Case #357: 1182 1153 747
Case #358: 1452 69 1146
Case #359: 925 622 616
Case #360: 1545 1364 533
Case #361: 1211 1119 509
Case #362: 1437 27 809
Case #363: 1580 86 1285
Case #364: 1657 753 1483
Case #365: 1315 314 1155
Case #366: 1930 1180 302
Case #367: 914 8 240
Case #368: 1579 51 1117
Case #369: 1374 1064 353
Case #370: 1576 756 1416
Case #371: 1532 1476 666
Case #372: 1353 1011 141
Case #373: 1613 420 1363
Case #374: 1501 81 484
Case #375: 1707 316 1053
Case #376: 1275 58 1067
Case #377: 1957 1093 111
Case #378: 935 884 526
Case #379: 703 676 321
Case #380: 1923 1351 390
Case #381: 1393 257 1392
Case #382: 1761 45 984
Case #383: 962 528 905
Case #384: 1622 144 941
Case #385: 1736 1596 1051
Case #386: 1466 1355 647
Case #387: 1682 981 1525
Case #388: 1747 1365 340
Case #389: 1887 797 1748
Case #390: 1418 302 560
Case #391: 1195 256 979
Case #392: 1362 1334 429
Case #393: 1764 326 1086
Case #394: 1114 28 513
Case #395: 1632 172 1472
Case #396: 1759 1536 975
Case #397: 1145 641 111
Case #398: 1314 1053 280
Case #399: 1377 1250 612
Case #400: 1556 375 1328
Case #401: 1170 226 685
Case #402: 1597 1586 992
Case #403: 1193 866 469
Case #404: 1533 781 1313
Case #405: 1245 422 1072
Case #406: 1274 119 764
Case #407: 1555 1425 540
Case #408: 1601 283 1058
Case #409: 1751 1190 263
Case #410: 1416 326 808
Case #411: 912 174 686
Case #412: 1109 510 1034
Case #413: 1148 594 1130
Case #414: 1582 360 932
Case #415: 1103 462 144
Case #416: 1248 414 979
Case #417: 1235 29 274
Case #418: 926 501 327
Case #419: 501 99 234
Case #420: 1387 1003 526
Case #421: 1488 174 731
Case #422: 778 349 38
Case #423: 1163 544 892
Case #424: 662 10 232
Case #425: 1574 832 1477
Case #426: 1118 646 134
Case #427: 1746 651 1644
Case #428: 952 217 825
Case #429: 1564 271 998
Case #430: 1515 618 1254
Case #431: 1294 926 276
Case #432: 1926 1401 366
Case #433: 791 502 104
Case #434: 1633 972 23
Case #435: 1256 488 762
Case #436: 1428 118 1363
Case #437: 1507 1016 239
Case #438: 1499 1172 428
Case #439: 1486 602 1205
Case #440: 1019 526 917
Case #441: 1865 872 251
Case #442: 1183 373 722
Case #443: 1764 821 1587
Case #444: 1546 911 394
Case #445: 1507 342 648
Case #446: 1471 1076 32
Case #447: 1307 25 543
Case #448: 1194 761 276
Case #449: 1580 1319 85
Case #450: 1509 1144 874
Case #451: 1378 836 390
Case #452: 1664 668 1210
Case #453: 1453 941 524
Case #454: 1482 1429 513
Case #455: 1183 277 901
Case #456: 1455 117 911
Case #457: 1597 592 113
Case #458: 1818 911 219
Case #459: 1823 1452 883
Case #460: 1785 633 1459
Case #461: 1395 1386 527
Case #462: 1532 1275 656
Case #463: 1196 937 394
Case #464: 1758 35 1307
Case #465: 764 262 507
Case #466: 1486 65 1217
Case #467: 1547 1514 861
Case #468: 1376 1375 488
Case #469: 1284 932 481
Case #470: 1335 480 1064
Case #471: 1757 849 1478
Case #472: 1190 45 896
Case #473: 1786 784 1614
Case #474: 1612 1578 923
Case #475: 1869 1701 713
Case #476: 1089 7 596
Case #477: 1040 555 46
Case #478: 1065 323 772
Case #479: 1164 789 1143
Case #480: 723 598 391
Case #481: 1468 1306 381
Case #482: 1603 860 1105
Case #483: 1170 1109 665
Case #484: 997 99 863
Case #485: 1052 120 155
Case #486: 1506 521 1372
Case #487: 1457 1179 482
Case #488: 1446 444 1070
Case #489: 1104 73 768
Case #490: 1244 845 546
Case #491: 1511 85 1189
Case #492: 1528 1121 247
Case #493: 1406 283 1166
Case #494: 1103 962 482
Case #495: 1703 1611 928
Case #496: 1311 1016 50
Case #497: 1420 161 659
Case #498: 1578 346 902
Case #499: 1059 583 44
Case #500: 1303 1004 233
Case #501: 1299 1039 211
Case #502: 601 64 470
Case #503: 1329 1033 852
Case #504: 1784 1016 251
Case #505: 772 12 155
Case #506: 1450 1349 935
Case #507: 1526 876 311
Case #508: 1694 317 1109
Case #509: 1464 736 1384
Case #510: 1389 214 96
Case #511: 1668 820 276
Case #512: 1062 396 20
Case #513: 1660 1648 957
Case #514: 749 206 403
Case #515: 1715 62 641
Case #516: 1838 91 888
Case #517: 1433 1294 695
Case #518: 1472 1467 671
Case #519: 1432 1327 282
Case #520: 1222 936 708
Case #521: 1739 220 1011
Case #522: 1224 444 934
Case #523: 868 440 109
Case #524: 1795 259 1313
Case #525: 1559 811 138
Case #526: 1430 1041 510
Case #527: 1909 290 1283
Case #528: 1785 282 1282
Case #529: 1097 997 586
Case #530: 1664 1555 518
Case #531: 1576 561 1238
Case #532: 1253 1122 963
Case #533: 1602 909 13
Case #534: 444 350 45
Case #535: 1384 378 1110
Case #536: 1816 1256 362
Case #537: 1347 810 1334
Case #538: 1236 705 376
Case #539: 1450 1190 658
Case #540: 1457 359 1205
Case #541: 1804 701 1685
Case #542: 1486 1025 618
Case #543: 1239 388 1136
Case #544: 1171 374 906
Case #545: 831 423 150
Case #546: 1445 573 1080
Case #547: 1822 737 117
Case #548: 1213 468 787
Case #549: 1773 50 1013
Case #550: 1546 827 413
Case #551: 1551 236 931
Case #552: 1677 1077 255
Case #553: 1282 867 333
Case #554: 1504 629 43
Case #555: 544 259 477
Case #556: 1004 348 583
Case #557: 1896 1511 735
Case #558: 1341 323 797
Case #559: 984 815 317
Case #560: 1382 1008 65
Case #561: 1208 618 179
Case #562: 1375 1033 1212
Case #563: 877 168 511
Case #564: 623 569 220
Case #565: 1009 825 0
Case #566: 1066 765 372
Case #567: 1096 88 709
Case #568: 1411 817 682
Case #569: 1694 1047 329
Case #570: 1365 1215 300
Case #571: 1213 99 1037
Case #572: 1569 1118 732
Case #573: 1593 553 124
Case #574: 1840 1398 262
Case #575: 1778 438 1722
Case #576: 1474 469 1311
Case #577: 1452 1259 907
Case #578: 1193 695 207
Case #579: 1184 1172 730
Case #580: 1499 1288 791
Case #581: 725 504 348
Case #582: 1638 1052 438
Case #583: 1521 120 826
Case #584: 1511 9 925
Case #585: 1444 217 825
Case #586: 1641 485 1102
Case #587: 1266 317 642
Case #588: 1046 696 937
Case #589: 1437 568 1199
Case #590: 1586 255 601
Case #591: 1512 1051 163
Case #592: 1125 1042 116
Case #593: 899 731 319
Case #594: 1516 649 1275
Case #595: 1275 1055 1195
Case #596: 1303 1167 223
Case #597: 1579 784 1247
Case #598: 1187 427 799
Case #599: 1568 706 162
Case #600: 1715 108 879
Case #601: 1403 231 771
Case #602: 1635 528 1397
Case #603: 872 105 779
Case #604: 1213 6 312
Case #605: 1495 1480 615
Case #606: 1276 730 109
Case #607: 1249 905 1181
Case #608: 1571 199 875
Case #609: 1576 1045 439
Case #610: 1394 652 177
Case #611: 1652 954 259
Case #612: 1415 1031 180
Case #613: 1414 372 651
Case #614: 879 514 94
Case #615: 1583 1378 657
Case #616: 1065 343 866
Case #617: 428 105 328
Case #618: 1492 977 1429
Case #619: 1121 220 667
Case #620: 1583 786 1525
Case #621: 1806 662 101
Case #622: 1140 86 552
Case #623: 1671 223 728
Case #624: 873 98 206
Case #625: 1450 1299 403
Case #626: 1460 909 400
Case #627: 1769 774 1633
Case #628: 1016 824 341
Case #629: 1543 85 961
Case #630: 1443 1190 450
Case #631: 1470 430 1073
Case #632: 1258 699 530
Case #633: 1863 631 1475
Case #634: 1207 677 792
Case #635: 1475 629 1233
Case #636: 788 357 736
Case #637: 1703 1525 735
Case #638: 1914 1276 417
Case #639: 1843 1702 748
Case #640: 882 663 123
Case #641: 1766 399 1301
Case #642: 1623 1494 423
Case #643: 1219 975 728
Case #644: 954 399 19
Case #645: 1799 1683 607
Case #646: 1221 1017 246
Case #647: 1469 399 1349
Case #648: 1766 475 1035
Case #649: 1470 1282 434
Case #650: 1233 1059 990
Case #651: 1626 350 1138
Case #652: 1799 1450 532
Case #653: 1422 152 787
Case #654: 1291 1121 213
Case #655: 1318 161 990
Case #656: 1479 1418 536
Case #657: 1923 950 1854
Case #658: 1504 465 5
Case #659: 1498 464 784
Case #660: 1432 97 1000
Case #661: 753 151 695
Case #662: 1342 1276 896
Case #663: 1306 919 120
Case #664: 1869 434 1462
Case #665: 1463 593 138
Case #666: 1281 804 348
Case #667: 1199 84 617
Case #668: 1305 260 1044
Case #669: 1281 393 115
Case #670: 1433 1227 862
Case #671: 1175 886 373
Case #672: 1174 362 1
Case #673: 1431 590 68
Case #674: 1502 1200 270
Case #675: 1078 913 43
Case #676: 1733 725 1287
Case #677: 1787 576 1442
Case #678: 990 360 735
Case #679: 1436 1346 746
Case #680: 1403 628 1339
Case #681: 1494 1161 28
Case #682: 853 154 381
Case #683: 1877 1200 421
Case #684: 1844 1232 230
Case #685: 1381 1334 650
Case #686: 1936 1922 1001
Case #687: 1212 709 153
Case #688: 1751 626 1384
Case #689: 1503 1349 527
Case #690: 1574 902 1409
Case #691: 1639 836 27
Case #692: 1626 593 1446
Case #693: 1131 199 695
Case #694: 1419 1132 778
Case #695: 1763 503 1590
Case #696: 1536 46 1005
Case #697: 1601 1224 159
Case #698: 1133 227 337
Case #699: 1146 701 0
Case #700: 1486 1098 1279
Case #701: 1378 331 669
Case #702: 1156 516 188
Case #703: 1682 1162 47
Case #704: 1302 353 1210
Case #705: 1756 196 1165
Case #706: 1216 938 223
Case #707: 818 120 564
Case #708: 1515 114 411
Case #709: 1536 1438 652
Case #710: 1070 641 968
Case #711: 977 410 770
Case #712: 1084 218 578
Case #713: 1637 363 1048
Case #714: 1439 908 1365
Case #715: 1456 763 1305
Case #716: 1284 1160 1284
Case #717: 1527 127 983
Case #718: 1424 865 97
Case #719: 1857 943 1689
Case #720: 1155 9 492
Case #721: 1579 186 967
Case #722: 1114 489 714
Case #723: 1745 1316 802
Case #724: 1692 277 971
Case #725: 1125 481 131
Case #726: 1538 573 1397
Case #727: 1329 809 114
Case #728: 1426 314 1340
Case #729: 1235 1193 535
Case #730: 1264 109 314
Case #731: 1675 1364 545
Case #732: 1533 1516 772
Case #733: 1203 761 196
Case #734: 1554 757 284
Case #735: 1410 765 116
Case #736: 1810 1097 316
Case #737: 1685 301 1598
Case #738: 1446 472 958
Case #739: 1599 1046 1595
Case #740: 1937 1503 496
Case #741: 1232 989 1183
Case #742: 1072 703 887
Case #743: 1162 630 1075
Case #744: 1340 1044 386
Case #745: 1234 486 1177
Case #746: 1374 669 27
Case #747: 1944 700 1615
Case #748: 1567 763 1248
Case #749: 1614 1452 736
Case #750: 1477 1047 379
Case #751: 1109 110 731
Case #752: 1687 1068 1633
Case #753: 1915 875 1829
Case #754: 1441 132 1131
Case #755: 1118 591 420
Case #756: 1446 255 1174
Case #757: 1475 204 1122
Case #758: 1715 1281 810
Case #759: 1804 188 970
Case #760: 1435 1145 210
Case #761: 1672 1648 832
Case #762: 1664 1552 621
Case #763: 1362 1003 27
Case #764: 1306 761 96
Case #765: 1401 293 1137
Case #766: 1726 231 956
Case #767: 1688 689 142
Case #768: 1570 201 1482
Case #769: 641 138 55
Case #770: 902 3 109
Case #771: 1739 567 1315
Case #772: 1726 511 124
Case #773: 1168 200 1029
Case #774: 1452 21 1185
Case #775: 1054 102 630
Case #776: 1416 1251 365
Case #777: 1291 1087 278
Case #778: 675 134 338
Case #779: 1356 795 932
Case #780: 1341 873 83
Case #781: 1394 322 995
Case #782: 1458 793 64
Case #783: 1433 127 908
Case #784: 1079 311 804
Case #785: 1127 333 799
Case #786: 396 320 112
Case #787: 1061 869 596
Case #788: 1856 635 1476
Case #789: 1581 925 354
Case #790: 1079 113 23
Case #791: 1302 1255 651
Case #792: 1109 859 483
Case #793: 803 82 356
Case #794: 1563 351 1391
Case #795: 1727 742 1651
Case #796: 1467 1044 1429
Case #797: 1316 1036 335
Case #798: 1370 409 753
Case #799: 1476 1220 118
Case #800: 1273 147 1198
Case #801: 1326 1213 293
Case #802: 1737 712 1358
Case #803: 1931 1239 208
Case #804: 1453 733 331
Case #805: 1530 1158 266
Case #806: 1331 954 580
Case #807: 912 687 578
Case #808: 1457 928 672
Case #809: 1445 1407 769
Case #810: 1738 1570 732
Case #811: 1836 383 1455
Case #812: 1951 1253 198
Case #813: 1349 733 67
Case #814: 1095 521 190
Case #815: 1713 184 731
Case #816: 1292 799 25
Case #817: 1477 25 1329
Case #818: 1668 656 1342
Case #819: 1542 1435 761
Case #820: 1362 771 222
Case #821: 1269 770 697
Case #822: 1371 158 676
Case #823: 1517 393 1363
Case #824: 1815 1369 612
Case #825: 1674 486 1595
Case #826: 1625 128 609
Case #827: 1461 953 340
Case #828: 1614 1462 326
Case #829: 1174 486 299
Case #830: 1597 1331 383
Case #831: 1048 916 612
Case #832: 1272 479 827
Case #833: 1109 679 30
Case #834: 1279 1185 989
Case #835: 1252 126 507
Case #836: 1384 254 1007
Case #837: 1836 1122 174
Case #838: 1595 838 1583
Case #839: 1174 373 994
Case #840: 1785 1466 359
Case #841: 1480 1008 400
Case #842: 1647 1130 176
Case #843: 1759 1691 997
Case #844: 1646 1074 2
Case #845: 1490 768 4
Case #846: 1853 174 954
Case #847: 1599 1192 796
Case #848: 713 92 496
Case #849: 1706 43 886
Case #850: 1453 1251 1038
Case #851: 1082 995 559
Case #852: 1384 897 555
Case #853: 1454 1385 937
Case #854: 1337 747 224
Case #855: 1263 273 896
Case #856: 1132 344 1020
Case #857: 1130 730 328
Case #858: 1664 158 1022
Case #859: 1643 590 1620
Case #860: 1856 35 946
Case #861: 925 203 601
Case #862: 1924 31 970
Case #863: 1417 601 1066
Case #864: 1287 1060 461
Case #865: 1283 1056 732
Case #866: 1110 1030 246
Case #867: 1012 631 501
Case #868: 1393 548 1175
Case #869: 1236 537 29
Case #870: 708 470 137
Case #871: 1354 332 876
Case #872: 1206 29 1167
Case #873: 517 334 108
Case #874: 1729 1367 610
Case #875: 655 495 341
Case #876: 1183 420 671
Case #877: 1673 868 310
Case #878: 1867 332 1211
Case #879: 1157 479 255
Case #880: 1126 743 624
Case #881: 1437 1128 213
Case #882: 1727 161 1455
Case #883: 1594 32 918
Case #884: 1255 101 651
Case #885: 1003 249 884
Case #886: 1180 598 1000
Case #887: 1468 1407 668
Case #888: 1798 627 1689
Case #889: 828 504 825
Case #890: 710 345 94
Case #891: 952 742 784
Case #892: 1419 573 1097
Case #893: 1048 90 802
Case #894: 859 674 155
Case #895: 926 69 610
Case #896: 1260 827 481
Case #897: 1416 543 1114
Case #898: 1001 30 521
Case #899: 1291 184 420
Case #900: 1107 760 332
Case #901: 1779 1211 681
Case #902: 1625 252 991
Case #903: 734 73 167
Case #904: 1159 240 954
Case #905: 894 655 206
Case #906: 1449 645 119
Case #907: 1641 778 131
Case #908: 1752 726 1534
Case #909: 1393 883 1349
Case #910: 1455 1173 565
Case #911: 1653 509 842
Case #912: 1308 1088 284
Case #913: 1856 1624 708
Case #914: 1647 573 1518
Case #915: 1681 376 1348
Case #916: 1295 8 1191
Case #917: 1050 65 451
Case #918: 1740 380 1466
Case #919: 1693 1396 506
Case #920: 1450 287 571
Case #921: 1615 497 1193
Case #922: 1731 161 1334
Case #923: 1210 362 221
Case #924: 1380 353 727
Case #925: 1505 687 443
Case #926: 1225 703 505
Case #927: 1170 210 752
Case #928: 1686 1488 525
Case #929: 805 24 702
Case #930: 1830 1434 195
Case #931: 1483 904 433
Case #932: 1060 693 94
Case #933: 1318 531 1004
Case #934: 1098 924 579
Case #935: 1263 226 817
Case #936: 1724 1537 969
Case #937: 1730 732 8
Case #938: 1481 1352 1214
Case #939: 1027 749 282
Case #940: 1474 1423 324
Case #941: 1521 124 1180
Case #942: 1383 182 740
Case #943: 1700 388 999
Case #944: 1198 1020 1086
Case #945: 1331 3 294
Case #946: 1334 186 1227
Case #947: 1221 832 342
Case #948: 524 5 390
Case #949: 1935 217 1117
Case #950: 1412 62 586
Case #951: 1091 842 290
Case #952: 1145 973 706
Case #953: 1832 1340 405
Case #954: 1339 619 315
Case #955: 1468 428 1190
Case #956: 1471 931 386
Case #957: 1304 849 172
Case #958: 1403 551 1250
Case #959: 1738 1430 587
Case #960: 1055 489 921
Case #961: 1064 606 1017
Case #962: 1597 836 1448
Case #963: 1071 428 207
Case #964: 1829 1404 359
Case #965: 1232 322 1057
Case #966: 1535 11 1103
Case #967: 1072 17 396
Case #968: 1662 1044 498
Case #969: 1374 927 1171
Case #970: 1375 1337 993
Case #971: 886 60 327
Case #972: 1549 148 944
Case #973: 1262 815 66
Case #974: 1369 854 136
Case #975: 1472 1250 446
Case #976: 1654 377 1009
Case #977: 1376 1269 372
Case #978: 1790 1150 107
Case #979: 1186 623 1119
Case #980: 1240 88 716
Case #981: 1619 989 330
Case #982: 1482 138 464
Case #983: 1434 847 1140
Case #984: 1413 388 1209
Case #985: 551 368 89
Case #986: 1464 425 1032
Case #987: 1134 893 32
Case #988: 1263 349 1074
Case #989: 1708 76 1121
Case #990: 1293 426 311
Case #991: 1820 856 129
Case #992: 998 122 708
Case #993: 1717 864 131
Case #994: 1360 889 402
Case #995: 720 47 641
Case #996: 1065 215 757
Case #997: 1615 52 1086
Case #998: 1665 1345 658
Case #999: 1696 26 1192
Case #1000: 1390 668 487
